<?xml version="1.0" encoding="UTF-8"?>
<!-- Generated by org.testng.reporters.JUnitReportReporter -->
<testsuite skipped="0" hostname="Admin-PC" name="com.ng1.KeywordDemo" tests="8" failures="0" timestamp="22 May 2019 13:15:51 GMT" time="29.178" errors="0">
  <testcase name="test" time="0.563" classname="com.ng1.KeywordDemo"/>
  <testcase name="test" time="0.325" classname="com.ng1.KeywordDemo"/>
  <testcase name="test" time="4.969" classname="com.ng1.KeywordDemo"/>
  <testcase name="test" time="4.761" classname="com.ng1.KeywordDemo"/>
  <testcase name="test" time="8.166" classname="com.ng1.KeywordDemo"/>
  <testcase name="test" time="4.041" classname="com.ng1.KeywordDemo"/>
  <testcase name="test" time="2.226" classname="com.ng1.KeywordDemo"/>
  <testcase name="test" time="4.127" classname="com.ng1.KeywordDemo"/>
</testsuite> <!-- com.ng1.KeywordDemo -->
